<?xml version="1.0" encoding="UTF-8"?>
<!-- Generated by org.testng.reporters.JUnitXMLReporter -->
<testsuite hostname="Lenovo-7iPro" ignored="0" name="Command line test" tests="6" failures="1" timestamp="2022-05-22T15:56:22 CDT" time="41.602" errors="0">
  <testcase name="testAppleTitle" time="2.716" classname="scripts._01_AppleTest"/>
  <testcase name="testAppleUrl" time="1.154" classname="scripts._01_AppleTest"/>
  <testcase name="testApplicationFormHeading" time="0.001" classname="scripts._02_TechGlobalTest">
    <failure type="java.lang.NullPointerException">
      <![CDATA[java.lang.NullPointerException
at scripts._02_TechGlobalTest.testApplicationFormHeading(_02_TechGlobalTest.java:29)
at java.util.ArrayList.forEach(ArrayList.java:1259)
... Removed 37 stack frames]]>
    </failure>
  </testcase> <!-- testApplicationFormHeading -->
  <testcase name="testEtsyLogo" time="2.01" classname="scripts._03_EtsyTest"/>
  <testcase name="testEtsySearch" time="2.226" classname="scripts._03_EtsyTest"/>
  <testcase name="testEtsySearchResult" time="5.176" classname="scripts._03_EtsyTest"/>
</testsuite> <!-- Command line test -->
