<?xml version="1.0" encoding="UTF-8"?>
<!-- Generated by org.testng.reporters.JUnitXMLReporter -->
<testsuite hostname="Lenovo-7iPro" ignored="3" name="Critical Functionalities" tests="6" failures="0" timestamp="2022-06-11T14:45:35 CDT" time="45.401" errors="0">
  <testcase name="testAppleTitle" time="1.463" classname="scripts._01_AppleTest"/>
  <testcase name="testAplicationFromHeading" time="2.549" classname="scripts._02_TechGlobalTest"/>
  <testcase name="testGoogleSearch" time="3.615" classname="scripts._04_GoogleSearchTest"/>
  <testcase name="testEtsyLogo" time="1.327" classname="scripts._03_EtsyTest"/>
  <testcase name="testEtsySearch" time="1.462" classname="scripts._03_EtsyTest"/>
  <testcase name="testEtsySearchResult" time="3.847" classname="scripts._03_EtsyTest"/>
  <testcase name="testAppleUrl" time="0.0" classname="scripts._01_AppleTest">
    <ignored/>
  </testcase> <!-- testAppleUrl -->
  <testcase name="testGoogleStoreLink" time="0.0" classname="scripts._04_GoogleSearchTest">
    <ignored/>
  </testcase> <!-- testGoogleStoreLink -->
  <testcase name="testMainHeader" time="0.0" classname="scripts._03_EtsyTest">
    <ignored/>
  </testcase> <!-- testMainHeader -->
</testsuite> <!-- Critical Functionalities -->
