<?xml version="1.0" encoding="UTF-8"?>
<!-- Generated by org.testng.reporters.JUnitXMLReporter -->
<testsuite hostname="Lenovo-7iPro" ignored="3" name="Critical Functionality" tests="6" failures="0" timestamp="2022-05-29T15:29:18 CDT" time="49.739" errors="0">
  <testcase name="testAppleTitle" time="1.821" classname="scripts._01_AppleTest"/>
  <testcase name="testAplicationFromHeading" time="1.93" classname="scripts._02_TechGlobalTest"/>
  <testcase name="testGoogleSearch" time="4.837" classname="scripts._04_GoogleSearchTest"/>
  <testcase name="testEtsyLogo" time="2.241" classname="scripts._03_EtsyTest"/>
  <testcase name="testEtsySearch" time="2.453" classname="scripts._03_EtsyTest"/>
  <testcase name="testEtsySearchResult" time="6.234" classname="scripts._03_EtsyTest"/>
  <testcase name="testAppleUrl" time="0.0" classname="scripts._01_AppleTest">
    <ignored/>
  </testcase> <!-- testAppleUrl -->
  <testcase name="testGoogleStoreLink" time="0.0" classname="scripts._04_GoogleSearchTest">
    <ignored/>
  </testcase> <!-- testGoogleStoreLink -->
  <testcase name="testMainHeader" time="0.0" classname="scripts._03_EtsyTest">
    <ignored/>
  </testcase> <!-- testMainHeader -->
</testsuite> <!-- Critical Functionality -->
