-------------------------------------------------------------------------------
Test set: TestSuite
-------------------------------------------------------------------------------
Tests run: 6, Failures: 1, Errors: 0, Skipped: 0, Time elapsed: 41.946 sec <<< FAILURE!
testApplicationFormHeading(scripts._02_TechGlobalTest)  Time elapsed: 0.004 sec  <<< FAILURE!
java.lang.NullPointerException
	at scripts._02_TechGlobalTest.testApplicationFormHeading(_02_TechGlobalTest.java:29)

